2026-02-18 15:25:12 - Main - INFO - ============================================================
2026-02-18 15:25:12 - Main - INFO - OT VIDEO SYSTEM STARTING
2026-02-18 15:25:12 - Main - INFO - ============================================================
2026-02-18 15:25:12 - Main - INFO - ============================================================
2026-02-18 15:25:12 - Main - INFO - OT Video Management System v1.0.2
2026-02-18 15:25:12 - Main - INFO - Python 3.13.7
2026-02-18 15:25:12 - Main - INFO - Platform: Windows-10-10.0.19045-SP0
2026-02-18 15:25:12 - Main - INFO - Started at: 2026-02-18 15:25:12
2026-02-18 15:25:12 - Main - INFO - ============================================================
2026-02-18 15:25:12 - Main - INFO - Initializing database...
2026-02-18 15:25:12 - Main - INFO - Database initialized successfully
2026-02-18 15:25:12 - Main - INFO - Checking Real-Time Clock (RTC)...
2026-02-18 15:25:12 - RTCService - INFO - Running on Windows - RTC hardware not available
2026-02-18 15:25:12 - RTCService - INFO - Using system time (development mode)
2026-02-18 15:25:12 - Main - WARNING - ⚠ RTC hardware not detected
2026-02-18 15:25:12 - Main - WARNING -   Using system time (may be inaccurate after power loss)
2026-02-18 15:25:12 - Main - WARNING -   For production: Install DS3231 RTC module
2026-02-18 15:25:12 - Main - INFO - Time synchronization check complete
2026-02-18 15:25:12 - Main - INFO - Verifying database connection...
2026-02-18 15:25:12 - DatabaseService - DEBUG - Database service initialized: videostore\database\otvideo.db
2026-02-18 15:25:12 - Main - INFO - Database OK - 65 recordings found
2026-02-18 15:25:12 - Main - INFO - Checking storage...
2026-02-18 15:25:12 - FileUtils - DEBUG - Directory ensured: videostore
2026-02-18 15:25:12 - FileUtils - DEBUG - Directory ensured: videostore\videos
2026-02-18 15:25:12 - FileUtils - DEBUG - Directory ensured: videostore\thumbnails
2026-02-18 15:25:12 - FileUtils - DEBUG - Directory ensured: videostore\temp
2026-02-18 15:25:12 - FileUtils - DEBUG - Directory ensured: videostore\database
2026-02-18 15:25:12 - FileUtils - DEBUG - Directory ensured: videostore\metadata_backup
2026-02-18 15:25:12 - StorageService - DEBUG - All storage directories verified
2026-02-18 15:25:12 - StorageService - INFO - Storage service initialized successfully
2026-02-18 15:25:12 - FileUtils - DEBUG - Directory ensured: videostore
2026-02-18 15:25:12 - FileUtils - DEBUG - Directory ensured: videostore\videos
2026-02-18 15:25:12 - FileUtils - DEBUG - Directory ensured: videostore\thumbnails
2026-02-18 15:25:12 - FileUtils - DEBUG - Directory ensured: videostore\temp
2026-02-18 15:25:12 - FileUtils - DEBUG - Directory ensured: videostore\database
2026-02-18 15:25:12 - FileUtils - DEBUG - Directory ensured: videostore\metadata_backup
2026-02-18 15:25:12 - StorageService - DEBUG - All storage directories verified
2026-02-18 15:25:12 - StorageService - DEBUG - Storage status: 129.80 GB free of 487.11 GB (73.4% used)
2026-02-18 15:25:12 - Main - INFO - Storage OK - 129.8 GB free of 487.1 GB
2026-02-18 15:25:12 - Main - INFO - Cleaning temporary files...
2026-02-18 15:25:12 - StorageService - INFO - Cleaned temp directory: 0 files removed
2026-02-18 15:25:12 - Main - INFO - Cleaned 0 temporary files
2026-02-18 15:25:12 - Main - INFO - System initialization complete
2026-02-18 15:25:12 - Main - INFO - ============================================================
2026-02-18 15:25:12 - Main - INFO - Creating main window...
2026-02-18 15:25:12 - SystemMonitorService - INFO - System monitor initialized on Windows
2026-02-18 15:25:12 - PreviewHandler - DEBUG - PreviewHandler initialized (throttle: every 3 frames)
2026-02-18 15:25:12 - VideoCaptureService - INFO - Video capture initialized: 0
2026-02-18 15:25:12 - VideoCaptureService - INFO - Platform: Windows
2026-02-18 15:25:12 - VideoEncoderService - INFO - Video encoder initialized: OpenCV mode
2026-02-18 15:25:12 - FileUtils - DEBUG - Directory ensured: videostore
2026-02-18 15:25:12 - FileUtils - DEBUG - Directory ensured: videostore\videos
2026-02-18 15:25:12 - FileUtils - DEBUG - Directory ensured: videostore\thumbnails
2026-02-18 15:25:12 - FileUtils - DEBUG - Directory ensured: videostore\temp
2026-02-18 15:25:12 - FileUtils - DEBUG - Directory ensured: videostore\database
2026-02-18 15:25:12 - FileUtils - DEBUG - Directory ensured: videostore\metadata_backup
2026-02-18 15:25:12 - StorageService - DEBUG - All storage directories verified
2026-02-18 15:25:12 - StorageService - INFO - Storage service initialized successfully
2026-02-18 15:25:12 - RecordingController - INFO - Recording controller initialized
2026-02-18 15:25:12 - RecordingController - DEBUG - Error callback set
2026-02-18 15:25:12 - RecordingControllerWrapper - DEBUG - RecordingControllerWrapper initialized
2026-02-18 15:25:12 - RecordingControllerWrapper - DEBUG - RecordingTimer initialized
2026-02-18 15:25:12 - MetadataHandler - DEBUG - MetadataHandler initialized
2026-02-18 15:25:12 - RecordingScreen - INFO - RecordingScreen initialized (LGH Edition)
2026-02-18 15:25:12 - DatabaseService - DEBUG - Database service initialized: videostore\database\otvideo.db
2026-02-18 15:25:12 - FileUtils - DEBUG - Directory ensured: videostore
2026-02-18 15:25:12 - FileUtils - DEBUG - Directory ensured: videostore\videos
2026-02-18 15:25:12 - FileUtils - DEBUG - Directory ensured: videostore\thumbnails
2026-02-18 15:25:12 - FileUtils - DEBUG - Directory ensured: videostore\temp
2026-02-18 15:25:12 - FileUtils - DEBUG - Directory ensured: videostore\database
2026-02-18 15:25:12 - FileUtils - DEBUG - Directory ensured: videostore\metadata_backup
2026-02-18 15:25:12 - StorageService - DEBUG - All storage directories verified
2026-02-18 15:25:12 - StorageService - INFO - Storage service initialized successfully
2026-02-18 15:25:12 - LibraryController - INFO - Library controller initialized
2026-02-18 15:25:12 - DatabaseService - DEBUG - Retrieved 65 recordings
2026-02-18 15:25:12 - LibraryController - INFO - Retrieved 65 recordings
2026-02-18 15:25:12 - PlaybackScreen - INFO - Playback screen initialized
2026-02-18 15:25:12 - FileUtils - DEBUG - Directory ensured: videostore
2026-02-18 15:25:12 - FileUtils - DEBUG - Directory ensured: videostore\videos
2026-02-18 15:25:12 - FileUtils - DEBUG - Directory ensured: videostore\thumbnails
2026-02-18 15:25:12 - FileUtils - DEBUG - Directory ensured: videostore\temp
2026-02-18 15:25:12 - FileUtils - DEBUG - Directory ensured: videostore\database
2026-02-18 15:25:12 - FileUtils - DEBUG - Directory ensured: videostore\metadata_backup
2026-02-18 15:25:12 - StorageService - DEBUG - All storage directories verified
2026-02-18 15:25:12 - StorageService - INFO - Storage service initialized successfully
2026-02-18 15:25:12 - StorageService - DEBUG - Storage status: 129.80 GB free of 487.11 GB (73.4% used)
2026-02-18 15:25:12 - SettingsScreen - DEBUG - Storage stats updated: 129.8 GB free
2026-02-18 15:25:12 - SettingsScreen - INFO - Settings screen initialized
2026-02-18 15:25:14 - VoiceCommandService - INFO - Loading Vosk model: C:\Users\zb\vosk-models\vosk-model-small-en-us-0.15
2026-02-18 15:25:18 - VoiceCommandService - INFO - ✓ Voice command service initialized
2026-02-18 15:25:18 - VoiceCommandService - INFO -   Model: vosk-model-small-en-us-0.15
2026-02-18 15:25:18 - VoiceCommandService - DEBUG - Command callback set
2026-02-18 15:25:18 - VoiceIndicator - DEBUG - Voice indicator initialized
2026-02-18 15:25:18 - MainWindow - INFO - Voice commands initialized (ready)
2026-02-18 15:25:18 - SystemMonitorService - DEBUG - Temperature not available on Windows
2026-02-18 15:25:18 - SystemMonitorService - WARNING - psutil not installed on Windows
2026-02-18 15:25:18 - SystemMonitorService - DEBUG - Health: healthy
2026-02-18 15:25:18 - MainWindow - INFO - Main window initialized
2026-02-18 15:25:18 - Main - INFO - Application started successfully
2026-02-18 15:25:18 - Main - INFO - Ready for operation
2026-02-18 15:25:23 - SystemMonitorService - DEBUG - Temperature not available on Windows
2026-02-18 15:25:23 - SystemMonitorService - WARNING - psutil not installed on Windows
2026-02-18 15:25:23 - SystemMonitorService - DEBUG - Health: healthy
2026-02-18 15:25:28 - RecordingScreen - ERROR - About dialog error: name 'QWidget' is not defined
2026-02-18 15:25:29 - SystemMonitorService - DEBUG - Temperature not available on Windows
2026-02-18 15:25:29 - SystemMonitorService - WARNING - psutil not installed on Windows
2026-02-18 15:25:29 - SystemMonitorService - DEBUG - Health: healthy
2026-02-18 15:25:33 - SystemMonitorService - DEBUG - Temperature not available on Windows
2026-02-18 15:25:33 - SystemMonitorService - WARNING - psutil not installed on Windows
2026-02-18 15:25:33 - SystemMonitorService - DEBUG - Health: healthy
2026-02-18 15:25:38 - SystemMonitorService - DEBUG - Temperature not available on Windows
2026-02-18 15:25:38 - SystemMonitorService - WARNING - psutil not installed on Windows
2026-02-18 15:25:38 - SystemMonitorService - DEBUG - Health: healthy
2026-02-18 15:25:42 - StorageService - DEBUG - Storage status: 129.81 GB free of 487.11 GB (73.4% used)
2026-02-18 15:25:42 - RecordingController - INFO - Created recording: 20260218_152542.mp4
2026-02-18 15:25:42 - VideoCaptureService - INFO - Opening Windows camera 0 with DirectShow
2026-02-18 15:25:44 - VideoCaptureService - INFO - Camera opened successfully: 640x480 @ 30fps
2026-02-18 15:25:44 - RecordingController - INFO - Camera opened: None
2026-02-18 15:25:44 - VideoEncoderService - INFO - OpenCV encoding started: videostore\temp\20260218_152542.mp4
2026-02-18 15:25:44 - RecordingController - INFO - Encoder started: videostore\temp\20260218_152542.mp4
2026-02-18 15:25:44 - RecordingController - DEBUG - Recording loop started
2026-02-18 15:25:44 - RecordingController - INFO - Recording started successfully
2026-02-18 15:25:44 - RecordingControllerWrapper - INFO - Recording started: None
2026-02-18 15:25:44 - RecordingControllerWrapper - DEBUG - Timer started
2026-02-18 15:25:44 - RecordingScreen - INFO - Recording started
2026-02-18 15:25:44 - SystemMonitorService - DEBUG - Temperature not available on Windows
2026-02-18 15:25:44 - SystemMonitorService - WARNING - psutil not installed on Windows
2026-02-18 15:25:44 - SystemMonitorService - DEBUG - Health: healthy
2026-02-18 15:25:48 - SystemMonitorService - DEBUG - Temperature not available on Windows
2026-02-18 15:25:48 - SystemMonitorService - WARNING - psutil not installed on Windows
2026-02-18 15:25:48 - SystemMonitorService - DEBUG - Health: healthy
2026-02-18 15:25:53 - SystemMonitorService - DEBUG - Temperature not available on Windows
2026-02-18 15:25:53 - SystemMonitorService - WARNING - psutil not installed on Windows
2026-02-18 15:25:53 - SystemMonitorService - DEBUG - Health: healthy
2026-02-18 15:25:54 - RecordingController - INFO - Stopping recording...
2026-02-18 15:25:54 - RecordingController - DEBUG - Recording loop ended. Frames captured: 280
2026-02-18 15:25:54 - VideoEncoderService - INFO - OpenCV encoding complete: 280 frames, 1.66 MB
2026-02-18 15:25:54 - RecordingController - INFO - Encoder stopped: {'frame_count': 280, 'duration_seconds': 9, 'output_path': 'videostore\\temp\\20260218_152542.mp4', 'file_size_bytes': 1740403, 'file_size_mb': 1.6597776412963867, 'encoder': 'OpenCV'}
2026-02-18 15:25:54 - VideoCaptureService - INFO - Camera closed
2026-02-18 15:25:54 - RecordingController - INFO - Camera closed
2026-02-18 15:25:54 - RecordingController - DEBUG - Recording duration: 9 seconds
2026-02-18 15:25:54 - FileUtils - DEBUG - Directory ensured: videostore\videos\2026\02
2026-02-18 15:25:54 - StorageService - INFO - Saved recording: 20260218_152542.mp4 (1.66 MB)
2026-02-18 15:25:54 - RecordingController - INFO - Video saved: videostore\videos\2026\02\20260218_152542.mp4
2026-02-18 15:25:54 - DatabaseService - DEBUG - Database service initialized: videostore\database\otvideo.db
2026-02-18 15:25:54 - DatabaseService - INFO - Created recording: ID=78, filename=20260218_152542.mp4
2026-02-18 15:25:54 - RecordingController - INFO - Recording saved to database: ID=78
2026-02-18 15:25:54 - RecordingController - INFO - ✓ Recording stopped successfully
2026-02-18 15:25:54 - RecordingControllerWrapper - INFO - Recording stopped: videostore\videos\2026\02\20260218_152542.mp4
2026-02-18 15:25:54 - RecordingControllerWrapper - DEBUG - Timer stopped
2026-02-18 15:25:54 - PreviewHandler - DEBUG - Preview cleared
2026-02-18 15:25:54 - RecordingInfoDialog - DEBUG - Recording info dialog initialized
2026-02-18 15:25:58 - SystemMonitorService - DEBUG - Temperature not available on Windows
2026-02-18 15:25:58 - SystemMonitorService - WARNING - psutil not installed on Windows
2026-02-18 15:25:58 - SystemMonitorService - DEBUG - Health: healthy
2026-02-18 15:26:01 - RecordingInfoDialog - DEBUG - Collected recording info: patient=test
2026-02-18 15:26:01 - DatabaseService - DEBUG - Database service initialized: videostore\database\otvideo.db
2026-02-18 15:26:01 - MetadataController - INFO - Metadata controller initialized
2026-02-18 15:26:01 - DatabaseService - INFO - Updated recording: ID=78
2026-02-18 15:26:01 - MetadataController - INFO - Metadata added to test_20260218_152542.mp4
2026-02-18 15:26:01 - RecordingInfoDialog - INFO - Recording info saved for: test_20260218_152542.mp4
2026-02-18 15:26:01 - MetadataHandler - INFO - Metadata saved (post-recording)
2026-02-18 15:26:01 - MetadataHandler - INFO - Metadata cleared
2026-02-18 15:26:01 - RecordingScreen - INFO - Recording stopped
2026-02-18 15:26:03 - SystemMonitorService - DEBUG - Temperature not available on Windows
2026-02-18 15:26:03 - SystemMonitorService - WARNING - psutil not installed on Windows
2026-02-18 15:26:03 - SystemMonitorService - DEBUG - Health: healthy
2026-02-18 15:26:04 - DatabaseService - DEBUG - Retrieved 66 recordings
2026-02-18 15:26:04 - LibraryController - INFO - Retrieved 66 recordings
2026-02-18 15:26:06 - PlaybackScreen - INFO - ✓ Video loaded: test_20260218_152542.mp4
2026-02-18 15:26:06 - LibraryScreen - INFO - Playing: test_20260218_152542.mp4
2026-02-18 15:26:08 - SystemMonitorService - DEBUG - Temperature not available on Windows
2026-02-18 15:26:08 - SystemMonitorService - WARNING - psutil not installed on Windows
2026-02-18 15:26:08 - SystemMonitorService - DEBUG - Health: healthy
2026-02-18 15:26:09 - DatabaseService - DEBUG - Retrieved 66 recordings
2026-02-18 15:26:09 - LibraryController - INFO - Retrieved 66 recordings
2026-02-18 15:26:13 - SystemMonitorService - DEBUG - Temperature not available on Windows
2026-02-18 15:26:13 - SystemMonitorService - WARNING - psutil not installed on Windows
2026-02-18 15:26:13 - SystemMonitorService - DEBUG - Health: healthy
2026-02-18 15:26:18 - SystemMonitorService - DEBUG - Temperature not available on Windows
2026-02-18 15:26:18 - SystemMonitorService - WARNING - psutil not installed on Windows
2026-02-18 15:26:18 - SystemMonitorService - DEBUG - Health: healthy
2026-02-18 15:26:23 - SystemMonitorService - DEBUG - Temperature not available on Windows
2026-02-18 15:26:23 - SystemMonitorService - WARNING - psutil not installed on Windows
2026-02-18 15:26:23 - SystemMonitorService - DEBUG - Health: healthy
2026-02-18 15:26:28 - SystemMonitorService - DEBUG - Temperature not available on Windows
2026-02-18 15:26:28 - SystemMonitorService - WARNING - psutil not installed on Windows
2026-02-18 15:26:28 - SystemMonitorService - DEBUG - Health: healthy
2026-02-18 15:26:33 - SystemMonitorService - DEBUG - Temperature not available on Windows
2026-02-18 15:26:33 - SystemMonitorService - WARNING - psutil not installed on Windows
2026-02-18 15:26:33 - SystemMonitorService - DEBUG - Health: healthy
2026-02-18 15:26:38 - SystemMonitorService - DEBUG - Temperature not available on Windows
2026-02-18 15:26:38 - SystemMonitorService - WARNING - psutil not installed on Windows
2026-02-18 15:26:38 - SystemMonitorService - DEBUG - Health: healthy
2026-02-18 15:26:42 - RecordingScreen - ERROR - About dialog error: name 'QWidget' is not defined
2026-02-18 15:26:43 - SystemMonitorService - DEBUG - Temperature not available on Windows
2026-02-18 15:26:43 - SystemMonitorService - WARNING - psutil not installed on Windows
2026-02-18 15:26:43 - SystemMonitorService - DEBUG - Health: healthy
2026-02-18 15:26:48 - SystemMonitorService - DEBUG - Temperature not available on Windows
2026-02-18 15:26:48 - SystemMonitorService - WARNING - psutil not installed on Windows
2026-02-18 15:26:48 - SystemMonitorService - DEBUG - Health: healthy
2026-02-18 15:26:53 - SystemMonitorService - DEBUG - Temperature not available on Windows
2026-02-18 15:26:53 - SystemMonitorService - WARNING - psutil not installed on Windows
2026-02-18 15:26:53 - SystemMonitorService - DEBUG - Health: healthy
2026-02-18 15:26:58 - SystemMonitorService - DEBUG - Temperature not available on Windows
2026-02-18 15:26:58 - SystemMonitorService - WARNING - psutil not installed on Windows
2026-02-18 15:26:58 - SystemMonitorService - DEBUG - Health: healthy
2026-02-18 15:27:03 - SystemMonitorService - DEBUG - Temperature not available on Windows
2026-02-18 15:27:03 - SystemMonitorService - WARNING - psutil not installed on Windows
2026-02-18 15:27:03 - SystemMonitorService - DEBUG - Health: healthy
2026-02-18 15:27:08 - SystemMonitorService - DEBUG - Temperature not available on Windows
2026-02-18 15:27:08 - SystemMonitorService - WARNING - psutil not installed on Windows
2026-02-18 15:27:08 - SystemMonitorService - DEBUG - Health: healthy
2026-02-18 15:27:13 - SystemMonitorService - DEBUG - Temperature not available on Windows
2026-02-18 15:27:13 - SystemMonitorService - WARNING - psutil not installed on Windows
2026-02-18 15:27:13 - SystemMonitorService - DEBUG - Health: healthy
2026-02-18 15:27:18 - SystemMonitorService - DEBUG - Temperature not available on Windows
2026-02-18 15:27:18 - SystemMonitorService - WARNING - psutil not installed on Windows
2026-02-18 15:27:18 - SystemMonitorService - DEBUG - Health: healthy
2026-02-18 15:27:23 - SystemMonitorService - DEBUG - Temperature not available on Windows
2026-02-18 15:27:23 - SystemMonitorService - WARNING - psutil not installed on Windows
2026-02-18 15:27:23 - SystemMonitorService - DEBUG - Health: healthy
2026-02-18 15:27:28 - SystemMonitorService - DEBUG - Temperature not available on Windows
2026-02-18 15:27:28 - SystemMonitorService - WARNING - psutil not installed on Windows
2026-02-18 15:27:28 - SystemMonitorService - DEBUG - Health: healthy
2026-02-18 15:27:33 - SystemMonitorService - DEBUG - Temperature not available on Windows
2026-02-18 15:27:33 - SystemMonitorService - WARNING - psutil not installed on Windows
2026-02-18 15:27:33 - SystemMonitorService - DEBUG - Health: healthy
2026-02-18 15:27:38 - SystemMonitorService - DEBUG - Temperature not available on Windows
2026-02-18 15:27:38 - SystemMonitorService - WARNING - psutil not installed on Windows
2026-02-18 15:27:38 - SystemMonitorService - DEBUG - Health: healthy
2026-02-18 15:27:43 - SystemMonitorService - DEBUG - Temperature not available on Windows
2026-02-18 15:27:43 - SystemMonitorService - WARNING - psutil not installed on Windows
2026-02-18 15:27:43 - SystemMonitorService - DEBUG - Health: healthy
2026-02-18 15:27:48 - SystemMonitorService - DEBUG - Temperature not available on Windows
2026-02-18 15:27:48 - SystemMonitorService - WARNING - psutil not installed on Windows
2026-02-18 15:27:48 - SystemMonitorService - DEBUG - Health: healthy
2026-02-18 15:27:53 - SystemMonitorService - DEBUG - Temperature not available on Windows
2026-02-18 15:27:53 - SystemMonitorService - WARNING - psutil not installed on Windows
2026-02-18 15:27:53 - SystemMonitorService - DEBUG - Health: healthy
2026-02-18 15:27:58 - SystemMonitorService - DEBUG - Temperature not available on Windows
2026-02-18 15:27:58 - SystemMonitorService - WARNING - psutil not installed on Windows
2026-02-18 15:27:58 - SystemMonitorService - DEBUG - Health: healthy
2026-02-18 15:28:03 - SystemMonitorService - DEBUG - Temperature not available on Windows
2026-02-18 15:28:03 - SystemMonitorService - WARNING - psutil not installed on Windows
2026-02-18 15:28:03 - SystemMonitorService - DEBUG - Health: healthy
2026-02-18 15:28:08 - SystemMonitorService - DEBUG - Temperature not available on Windows
2026-02-18 15:28:08 - SystemMonitorService - WARNING - psutil not installed on Windows
2026-02-18 15:28:08 - SystemMonitorService - DEBUG - Health: healthy
2026-02-18 15:28:12 - StorageService - DEBUG - Storage status: 129.80 GB free of 487.11 GB (73.4% used)
2026-02-18 15:28:12 - RecordingController - INFO - Created recording: 20260218_152812.mp4
2026-02-18 15:28:12 - VideoCaptureService - INFO - Opening Windows camera 0 with DirectShow
2026-02-18 15:28:14 - VideoCaptureService - INFO - Camera opened successfully: 640x480 @ 30fps
2026-02-18 15:28:14 - RecordingController - INFO - Camera opened: None
2026-02-18 15:28:14 - VideoEncoderService - INFO - OpenCV encoding started: videostore\temp\20260218_152812.mp4
2026-02-18 15:28:14 - RecordingController - INFO - Encoder started: videostore\temp\20260218_152812.mp4
2026-02-18 15:28:14 - RecordingController - DEBUG - Recording loop started
2026-02-18 15:28:14 - RecordingController - INFO - Recording started successfully
2026-02-18 15:28:14 - RecordingControllerWrapper - INFO - Recording started: None
2026-02-18 15:28:14 - RecordingControllerWrapper - DEBUG - Timer started
2026-02-18 15:28:14 - RecordingScreen - INFO - Recording started
2026-02-18 15:28:14 - SystemMonitorService - DEBUG - Temperature not available on Windows
2026-02-18 15:28:14 - SystemMonitorService - WARNING - psutil not installed on Windows
2026-02-18 15:28:14 - SystemMonitorService - DEBUG - Health: healthy
2026-02-18 15:28:54 - Main - INFO - ============================================================
2026-02-18 15:28:54 - Main - INFO - OT VIDEO SYSTEM STARTING
2026-02-18 15:28:54 - Main - INFO - ============================================================
2026-02-18 15:28:54 - Main - INFO - ============================================================
2026-02-18 15:28:54 - Main - INFO - OT Video Management System v1.0.2
2026-02-18 15:28:54 - Main - INFO - Python 3.13.7
2026-02-18 15:28:54 - Main - INFO - Platform: Windows-10-10.0.19045-SP0
2026-02-18 15:28:54 - Main - INFO - Started at: 2026-02-18 15:28:54
2026-02-18 15:28:54 - Main - INFO - ============================================================
2026-02-18 15:28:54 - Main - INFO - Initializing database...
2026-02-18 15:28:54 - Main - INFO - Database initialized successfully
2026-02-18 15:28:54 - Main - INFO - Checking Real-Time Clock (RTC)...
2026-02-18 15:28:54 - RTCService - INFO - Running on Windows - RTC hardware not available
2026-02-18 15:28:54 - RTCService - INFO - Using system time (development mode)
2026-02-18 15:28:54 - Main - WARNING - ⚠ RTC hardware not detected
2026-02-18 15:28:54 - Main - WARNING -   Using system time (may be inaccurate after power loss)
2026-02-18 15:28:54 - Main - WARNING -   For production: Install DS3231 RTC module
2026-02-18 15:28:54 - Main - INFO - Time synchronization check complete
2026-02-18 15:28:54 - Main - INFO - Verifying database connection...
2026-02-18 15:28:54 - DatabaseService - DEBUG - Database service initialized: videostore\database\otvideo.db
2026-02-18 15:28:54 - Main - INFO - Database OK - 66 recordings found
2026-02-18 15:28:54 - Main - INFO - Checking storage...
2026-02-18 15:28:54 - FileUtils - DEBUG - Directory ensured: videostore
2026-02-18 15:28:54 - FileUtils - DEBUG - Directory ensured: videostore\videos
2026-02-18 15:28:54 - FileUtils - DEBUG - Directory ensured: videostore\thumbnails
2026-02-18 15:28:54 - FileUtils - DEBUG - Directory ensured: videostore\temp
2026-02-18 15:28:54 - FileUtils - DEBUG - Directory ensured: videostore\database
2026-02-18 15:28:54 - FileUtils - DEBUG - Directory ensured: videostore\metadata_backup
2026-02-18 15:28:54 - StorageService - DEBUG - All storage directories verified
2026-02-18 15:28:54 - StorageService - INFO - Storage service initialized successfully
2026-02-18 15:28:54 - FileUtils - DEBUG - Directory ensured: videostore
2026-02-18 15:28:54 - FileUtils - DEBUG - Directory ensured: videostore\videos
2026-02-18 15:28:54 - FileUtils - DEBUG - Directory ensured: videostore\thumbnails
2026-02-18 15:28:54 - FileUtils - DEBUG - Directory ensured: videostore\temp
2026-02-18 15:28:54 - FileUtils - DEBUG - Directory ensured: videostore\database
2026-02-18 15:28:54 - FileUtils - DEBUG - Directory ensured: videostore\metadata_backup
2026-02-18 15:28:54 - StorageService - DEBUG - All storage directories verified
2026-02-18 15:28:54 - StorageService - DEBUG - Storage status: 129.80 GB free of 487.11 GB (73.4% used)
2026-02-18 15:28:54 - Main - INFO - Storage OK - 129.8 GB free of 487.1 GB
2026-02-18 15:28:54 - Main - INFO - Cleaning temporary files...
2026-02-18 15:28:54 - StorageService - DEBUG - Removed temp file: 20260218_152812.mp4
2026-02-18 15:28:54 - StorageService - INFO - Cleaned temp directory: 1 files removed
2026-02-18 15:28:54 - Main - INFO - Cleaned 1 temporary files
2026-02-18 15:28:54 - Main - INFO - System initialization complete
2026-02-18 15:28:54 - Main - INFO - ============================================================
2026-02-18 15:28:54 - Main - INFO - Creating main window...
2026-02-18 15:28:54 - SystemMonitorService - INFO - System monitor initialized on Windows
2026-02-18 15:28:54 - PreviewHandler - DEBUG - PreviewHandler initialized (throttle: every 3 frames)
2026-02-18 15:28:54 - VideoCaptureService - INFO - Video capture initialized: 0
2026-02-18 15:28:54 - VideoCaptureService - INFO - Platform: Windows
2026-02-18 15:28:54 - VideoEncoderService - INFO - Video encoder initialized: OpenCV mode
2026-02-18 15:28:54 - FileUtils - DEBUG - Directory ensured: videostore
2026-02-18 15:28:54 - FileUtils - DEBUG - Directory ensured: videostore\videos
2026-02-18 15:28:54 - FileUtils - DEBUG - Directory ensured: videostore\thumbnails
2026-02-18 15:28:54 - FileUtils - DEBUG - Directory ensured: videostore\temp
2026-02-18 15:28:54 - FileUtils - DEBUG - Directory ensured: videostore\database
2026-02-18 15:28:54 - FileUtils - DEBUG - Directory ensured: videostore\metadata_backup
2026-02-18 15:28:54 - StorageService - DEBUG - All storage directories verified
2026-02-18 15:28:54 - StorageService - INFO - Storage service initialized successfully
2026-02-18 15:28:54 - RecordingController - INFO - Recording controller initialized
2026-02-18 15:28:54 - RecordingController - DEBUG - Error callback set
2026-02-18 15:28:54 - RecordingControllerWrapper - DEBUG - RecordingControllerWrapper initialized
2026-02-18 15:28:54 - RecordingControllerWrapper - DEBUG - RecordingTimer initialized
2026-02-18 15:28:54 - MetadataHandler - DEBUG - MetadataHandler initialized
2026-02-18 15:28:54 - RecordingScreen - INFO - RecordingScreen initialized (LGH Edition)
2026-02-18 15:28:54 - DatabaseService - DEBUG - Database service initialized: videostore\database\otvideo.db
2026-02-18 15:28:54 - FileUtils - DEBUG - Directory ensured: videostore
2026-02-18 15:28:54 - FileUtils - DEBUG - Directory ensured: videostore\videos
2026-02-18 15:28:54 - FileUtils - DEBUG - Directory ensured: videostore\thumbnails
2026-02-18 15:28:54 - FileUtils - DEBUG - Directory ensured: videostore\temp
2026-02-18 15:28:54 - FileUtils - DEBUG - Directory ensured: videostore\database
2026-02-18 15:28:54 - FileUtils - DEBUG - Directory ensured: videostore\metadata_backup
2026-02-18 15:28:54 - StorageService - DEBUG - All storage directories verified
2026-02-18 15:28:54 - StorageService - INFO - Storage service initialized successfully
2026-02-18 15:28:54 - LibraryController - INFO - Library controller initialized
2026-02-18 15:28:54 - DatabaseService - DEBUG - Retrieved 66 recordings
2026-02-18 15:28:54 - LibraryController - INFO - Retrieved 66 recordings
2026-02-18 15:28:54 - PlaybackScreen - INFO - Playback screen initialized
2026-02-18 15:28:54 - FileUtils - DEBUG - Directory ensured: videostore
2026-02-18 15:28:54 - FileUtils - DEBUG - Directory ensured: videostore\videos
2026-02-18 15:28:54 - FileUtils - DEBUG - Directory ensured: videostore\thumbnails
2026-02-18 15:28:54 - FileUtils - DEBUG - Directory ensured: videostore\temp
2026-02-18 15:28:54 - FileUtils - DEBUG - Directory ensured: videostore\database
2026-02-18 15:28:54 - FileUtils - DEBUG - Directory ensured: videostore\metadata_backup
2026-02-18 15:28:54 - StorageService - DEBUG - All storage directories verified
2026-02-18 15:28:54 - StorageService - INFO - Storage service initialized successfully
2026-02-18 15:28:54 - StorageService - DEBUG - Storage status: 129.80 GB free of 487.11 GB (73.4% used)
2026-02-18 15:28:54 - SettingsScreen - DEBUG - Storage stats updated: 129.8 GB free
2026-02-18 15:28:54 - SettingsScreen - INFO - Settings screen initialized
2026-02-18 15:28:55 - VoiceCommandService - INFO - Loading Vosk model: C:\Users\zb\vosk-models\vosk-model-small-en-us-0.15
2026-02-18 15:28:58 - VoiceCommandService - INFO - ✓ Voice command service initialized
2026-02-18 15:28:58 - VoiceCommandService - INFO -   Model: vosk-model-small-en-us-0.15
2026-02-18 15:28:58 - VoiceCommandService - DEBUG - Command callback set
2026-02-18 15:28:58 - VoiceIndicator - DEBUG - Voice indicator initialized
2026-02-18 15:28:58 - MainWindow - INFO - Voice commands initialized (ready)
2026-02-18 15:28:58 - SystemMonitorService - DEBUG - Temperature not available on Windows
2026-02-18 15:28:58 - SystemMonitorService - WARNING - psutil not installed on Windows
2026-02-18 15:28:58 - SystemMonitorService - DEBUG - Health: healthy
2026-02-18 15:28:59 - MainWindow - INFO - Main window initialized
2026-02-18 15:28:59 - Main - INFO - Application started successfully
2026-02-18 15:28:59 - Main - INFO - Ready for operation
2026-02-18 15:29:03 - RecordingScreen - ERROR - About dialog error: name 'QWidget' is not defined
2026-02-18 15:29:03 - SystemMonitorService - DEBUG - Temperature not available on Windows
2026-02-18 15:29:03 - SystemMonitorService - WARNING - psutil not installed on Windows
2026-02-18 15:29:03 - SystemMonitorService - DEBUG - Health: healthy
2026-02-18 15:29:08 - SystemMonitorService - DEBUG - Temperature not available on Windows
2026-02-18 15:29:08 - SystemMonitorService - WARNING - psutil not installed on Windows
2026-02-18 15:29:08 - SystemMonitorService - DEBUG - Health: healthy
2026-02-18 15:29:13 - SystemMonitorService - DEBUG - Temperature not available on Windows
2026-02-18 15:29:13 - SystemMonitorService - WARNING - psutil not installed on Windows
2026-02-18 15:29:13 - SystemMonitorService - DEBUG - Health: healthy
2026-02-18 15:29:18 - SystemMonitorService - DEBUG - Temperature not available on Windows
2026-02-18 15:29:18 - SystemMonitorService - WARNING - psutil not installed on Windows
2026-02-18 15:29:18 - SystemMonitorService - DEBUG - Health: healthy
2026-02-18 15:29:23 - SystemMonitorService - DEBUG - Temperature not available on Windows
2026-02-18 15:29:23 - SystemMonitorService - WARNING - psutil not installed on Windows
2026-02-18 15:29:23 - SystemMonitorService - DEBUG - Health: healthy
2026-02-18 15:29:28 - SystemMonitorService - DEBUG - Temperature not available on Windows
2026-02-18 15:29:28 - SystemMonitorService - WARNING - psutil not installed on Windows
2026-02-18 15:29:28 - SystemMonitorService - DEBUG - Health: healthy
2026-02-18 15:29:33 - SystemMonitorService - DEBUG - Temperature not available on Windows
2026-02-18 15:29:33 - SystemMonitorService - WARNING - psutil not installed on Windows
2026-02-18 15:29:33 - SystemMonitorService - DEBUG - Health: healthy
2026-02-18 15:29:38 - SystemMonitorService - DEBUG - Temperature not available on Windows
2026-02-18 15:29:38 - SystemMonitorService - WARNING - psutil not installed on Windows
2026-02-18 15:29:38 - SystemMonitorService - DEBUG - Health: healthy
2026-02-18 15:29:43 - SystemMonitorService - DEBUG - Temperature not available on Windows
2026-02-18 15:29:43 - SystemMonitorService - WARNING - psutil not installed on Windows
2026-02-18 15:29:43 - SystemMonitorService - DEBUG - Health: healthy
2026-02-18 15:29:48 - SystemMonitorService - DEBUG - Temperature not available on Windows
2026-02-18 15:29:48 - SystemMonitorService - WARNING - psutil not installed on Windows
2026-02-18 15:29:48 - SystemMonitorService - DEBUG - Health: healthy
2026-02-18 15:29:53 - SystemMonitorService - DEBUG - Temperature not available on Windows
2026-02-18 15:29:53 - SystemMonitorService - WARNING - psutil not installed on Windows
2026-02-18 15:29:53 - SystemMonitorService - DEBUG - Health: healthy
2026-02-18 15:29:58 - SystemMonitorService - DEBUG - Temperature not available on Windows
2026-02-18 15:29:58 - SystemMonitorService - WARNING - psutil not installed on Windows
2026-02-18 15:29:58 - SystemMonitorService - DEBUG - Health: healthy
2026-02-18 15:30:03 - SystemMonitorService - DEBUG - Temperature not available on Windows
2026-02-18 15:30:03 - SystemMonitorService - WARNING - psutil not installed on Windows
2026-02-18 15:30:03 - SystemMonitorService - DEBUG - Health: healthy
2026-02-18 15:30:08 - SystemMonitorService - DEBUG - Temperature not available on Windows
2026-02-18 15:30:08 - SystemMonitorService - WARNING - psutil not installed on Windows
2026-02-18 15:30:08 - SystemMonitorService - DEBUG - Health: healthy
2026-02-18 15:30:13 - SystemMonitorService - DEBUG - Temperature not available on Windows
2026-02-18 15:30:13 - SystemMonitorService - WARNING - psutil not installed on Windows
2026-02-18 15:30:13 - SystemMonitorService - DEBUG - Health: healthy
2026-02-18 15:30:18 - SystemMonitorService - DEBUG - Temperature not available on Windows
2026-02-18 15:30:18 - SystemMonitorService - WARNING - psutil not installed on Windows
2026-02-18 15:30:18 - SystemMonitorService - DEBUG - Health: healthy
2026-02-18 15:30:23 - SystemMonitorService - DEBUG - Temperature not available on Windows
2026-02-18 15:30:23 - SystemMonitorService - WARNING - psutil not installed on Windows
2026-02-18 15:30:23 - SystemMonitorService - DEBUG - Health: healthy
2026-02-18 15:30:28 - SystemMonitorService - DEBUG - Temperature not available on Windows
2026-02-18 15:30:28 - SystemMonitorService - WARNING - psutil not installed on Windows
2026-02-18 15:30:28 - SystemMonitorService - DEBUG - Health: healthy
2026-02-18 15:30:33 - SystemMonitorService - DEBUG - Temperature not available on Windows
2026-02-18 15:30:33 - SystemMonitorService - WARNING - psutil not installed on Windows
2026-02-18 15:30:33 - SystemMonitorService - DEBUG - Health: healthy
2026-02-18 15:30:38 - SystemMonitorService - DEBUG - Temperature not available on Windows
2026-02-18 15:30:38 - SystemMonitorService - WARNING - psutil not installed on Windows
2026-02-18 15:30:38 - SystemMonitorService - DEBUG - Health: healthy
2026-02-18 15:30:43 - SystemMonitorService - DEBUG - Temperature not available on Windows
2026-02-18 15:30:43 - SystemMonitorService - WARNING - psutil not installed on Windows
2026-02-18 15:30:43 - SystemMonitorService - DEBUG - Health: healthy
2026-02-18 15:30:48 - SystemMonitorService - DEBUG - Temperature not available on Windows
2026-02-18 15:30:48 - SystemMonitorService - WARNING - psutil not installed on Windows
2026-02-18 15:30:48 - SystemMonitorService - DEBUG - Health: healthy
2026-02-18 15:30:53 - SystemMonitorService - DEBUG - Temperature not available on Windows
2026-02-18 15:30:53 - SystemMonitorService - WARNING - psutil not installed on Windows
2026-02-18 15:30:53 - SystemMonitorService - DEBUG - Health: healthy
2026-02-18 15:30:58 - SystemMonitorService - DEBUG - Temperature not available on Windows
2026-02-18 15:30:58 - SystemMonitorService - WARNING - psutil not installed on Windows
2026-02-18 15:30:58 - SystemMonitorService - DEBUG - Health: healthy
2026-02-18 15:31:03 - SystemMonitorService - DEBUG - Temperature not available on Windows
2026-02-18 15:31:03 - SystemMonitorService - WARNING - psutil not installed on Windows
2026-02-18 15:31:03 - SystemMonitorService - DEBUG - Health: healthy
2026-02-18 15:31:08 - SystemMonitorService - DEBUG - Temperature not available on Windows
2026-02-18 15:31:08 - SystemMonitorService - WARNING - psutil not installed on Windows
2026-02-18 15:31:08 - SystemMonitorService - DEBUG - Health: healthy
2026-02-18 15:31:13 - SystemMonitorService - DEBUG - Temperature not available on Windows
2026-02-18 15:31:13 - SystemMonitorService - WARNING - psutil not installed on Windows
2026-02-18 15:31:13 - SystemMonitorService - DEBUG - Health: healthy
2026-02-18 15:31:18 - SystemMonitorService - DEBUG - Temperature not available on Windows
2026-02-18 15:31:18 - SystemMonitorService - WARNING - psutil not installed on Windows
2026-02-18 15:31:18 - SystemMonitorService - DEBUG - Health: healthy
2026-02-18 15:31:23 - SystemMonitorService - DEBUG - Temperature not available on Windows
2026-02-18 15:31:23 - SystemMonitorService - WARNING - psutil not installed on Windows
2026-02-18 15:31:23 - SystemMonitorService - DEBUG - Health: healthy
2026-02-18 15:31:28 - SystemMonitorService - DEBUG - Temperature not available on Windows
2026-02-18 15:31:28 - SystemMonitorService - WARNING - psutil not installed on Windows
2026-02-18 15:31:28 - SystemMonitorService - DEBUG - Health: healthy
2026-02-18 15:31:33 - SystemMonitorService - DEBUG - Temperature not available on Windows
2026-02-18 15:31:33 - SystemMonitorService - WARNING - psutil not installed on Windows
2026-02-18 15:31:33 - SystemMonitorService - DEBUG - Health: healthy
2026-02-18 15:31:38 - SystemMonitorService - DEBUG - Temperature not available on Windows
2026-02-18 15:31:38 - SystemMonitorService - WARNING - psutil not installed on Windows
2026-02-18 15:31:38 - SystemMonitorService - DEBUG - Health: healthy
2026-02-18 15:31:43 - SystemMonitorService - DEBUG - Temperature not available on Windows
2026-02-18 15:31:43 - SystemMonitorService - WARNING - psutil not installed on Windows
2026-02-18 15:31:43 - SystemMonitorService - DEBUG - Health: healthy
2026-02-18 15:31:48 - SystemMonitorService - DEBUG - Temperature not available on Windows
2026-02-18 15:31:48 - SystemMonitorService - WARNING - psutil not installed on Windows
2026-02-18 15:31:48 - SystemMonitorService - DEBUG - Health: healthy
2026-02-18 15:31:53 - SystemMonitorService - DEBUG - Temperature not available on Windows
2026-02-18 15:31:53 - SystemMonitorService - WARNING - psutil not installed on Windows
2026-02-18 15:31:53 - SystemMonitorService - DEBUG - Health: healthy
2026-02-18 15:31:58 - SystemMonitorService - DEBUG - Temperature not available on Windows
2026-02-18 15:31:58 - SystemMonitorService - WARNING - psutil not installed on Windows
2026-02-18 15:31:58 - SystemMonitorService - DEBUG - Health: healthy
2026-02-18 15:32:03 - SystemMonitorService - DEBUG - Temperature not available on Windows
2026-02-18 15:32:03 - SystemMonitorService - WARNING - psutil not installed on Windows
2026-02-18 15:32:03 - SystemMonitorService - DEBUG - Health: healthy
2026-02-18 15:32:08 - SystemMonitorService - DEBUG - Temperature not available on Windows
2026-02-18 15:32:08 - SystemMonitorService - WARNING - psutil not installed on Windows
2026-02-18 15:32:08 - SystemMonitorService - DEBUG - Health: healthy
2026-02-18 15:32:13 - SystemMonitorService - DEBUG - Temperature not available on Windows
2026-02-18 15:32:13 - SystemMonitorService - WARNING - psutil not installed on Windows
2026-02-18 15:32:13 - SystemMonitorService - DEBUG - Health: healthy
2026-02-18 15:32:18 - SystemMonitorService - DEBUG - Temperature not available on Windows
2026-02-18 15:32:18 - SystemMonitorService - WARNING - psutil not installed on Windows
2026-02-18 15:32:18 - SystemMonitorService - DEBUG - Health: healthy
2026-02-18 15:32:23 - SystemMonitorService - DEBUG - Temperature not available on Windows
2026-02-18 15:32:23 - SystemMonitorService - WARNING - psutil not installed on Windows
2026-02-18 15:32:23 - SystemMonitorService - DEBUG - Health: healthy
2026-02-18 15:32:28 - SystemMonitorService - DEBUG - Temperature not available on Windows
2026-02-18 15:32:28 - SystemMonitorService - WARNING - psutil not installed on Windows
2026-02-18 15:32:28 - SystemMonitorService - DEBUG - Health: healthy
2026-02-18 15:32:33 - SystemMonitorService - DEBUG - Temperature not available on Windows
2026-02-18 15:32:33 - SystemMonitorService - WARNING - psutil not installed on Windows
2026-02-18 15:32:33 - SystemMonitorService - DEBUG - Health: healthy
2026-02-18 15:32:38 - SystemMonitorService - DEBUG - Temperature not available on Windows
2026-02-18 15:32:38 - SystemMonitorService - WARNING - psutil not installed on Windows
2026-02-18 15:32:38 - SystemMonitorService - DEBUG - Health: healthy
2026-02-18 15:32:43 - SystemMonitorService - DEBUG - Temperature not available on Windows
2026-02-18 15:32:43 - SystemMonitorService - WARNING - psutil not installed on Windows
2026-02-18 15:32:43 - SystemMonitorService - DEBUG - Health: healthy
2026-02-18 15:32:48 - SystemMonitorService - DEBUG - Temperature not available on Windows
2026-02-18 15:32:48 - SystemMonitorService - WARNING - psutil not installed on Windows
2026-02-18 15:32:48 - SystemMonitorService - DEBUG - Health: healthy
2026-02-18 15:32:53 - SystemMonitorService - DEBUG - Temperature not available on Windows
2026-02-18 15:32:53 - SystemMonitorService - WARNING - psutil not installed on Windows
2026-02-18 15:32:53 - SystemMonitorService - DEBUG - Health: healthy
2026-02-18 15:32:58 - SystemMonitorService - DEBUG - Temperature not available on Windows
2026-02-18 15:32:58 - SystemMonitorService - WARNING - psutil not installed on Windows
2026-02-18 15:32:58 - SystemMonitorService - DEBUG - Health: healthy
2026-02-18 15:33:03 - SystemMonitorService - DEBUG - Temperature not available on Windows
2026-02-18 15:33:03 - SystemMonitorService - WARNING - psutil not installed on Windows
2026-02-18 15:33:03 - SystemMonitorService - DEBUG - Health: healthy
2026-02-18 15:33:08 - SystemMonitorService - DEBUG - Temperature not available on Windows
2026-02-18 15:33:08 - SystemMonitorService - WARNING - psutil not installed on Windows
2026-02-18 15:33:08 - SystemMonitorService - DEBUG - Health: healthy
2026-02-18 15:33:31 - Main - INFO - ============================================================
2026-02-18 15:33:31 - Main - INFO - OT VIDEO SYSTEM STARTING
2026-02-18 15:33:31 - Main - INFO - ============================================================
2026-02-18 15:33:31 - Main - INFO - ============================================================
2026-02-18 15:33:31 - Main - INFO - OT Video Management System v1.0.2
2026-02-18 15:33:31 - Main - INFO - Python 3.13.7
2026-02-18 15:33:31 - Main - INFO - Platform: Windows-10-10.0.19045-SP0
2026-02-18 15:33:31 - Main - INFO - Started at: 2026-02-18 15:33:31
2026-02-18 15:33:31 - Main - INFO - ============================================================
2026-02-18 15:33:31 - Main - INFO - Initializing database...
2026-02-18 15:33:31 - Main - INFO - Database initialized successfully
2026-02-18 15:33:31 - Main - INFO - Checking Real-Time Clock (RTC)...
2026-02-18 15:33:31 - RTCService - INFO - Running on Windows - RTC hardware not available
2026-02-18 15:33:31 - RTCService - INFO - Using system time (development mode)
2026-02-18 15:33:31 - Main - WARNING - ⚠ RTC hardware not detected
2026-02-18 15:33:31 - Main - WARNING -   Using system time (may be inaccurate after power loss)
2026-02-18 15:33:31 - Main - WARNING -   For production: Install DS3231 RTC module
2026-02-18 15:33:31 - Main - INFO - Time synchronization check complete
2026-02-18 15:33:31 - Main - INFO - Verifying database connection...
2026-02-18 15:33:31 - DatabaseService - DEBUG - Database service initialized: videostore\database\otvideo.db
2026-02-18 15:33:31 - Main - INFO - Database OK - 66 recordings found
2026-02-18 15:33:31 - Main - INFO - Checking storage...
2026-02-18 15:33:31 - FileUtils - DEBUG - Directory ensured: videostore
2026-02-18 15:33:31 - FileUtils - DEBUG - Directory ensured: videostore\videos
2026-02-18 15:33:31 - FileUtils - DEBUG - Directory ensured: videostore\thumbnails
2026-02-18 15:33:31 - FileUtils - DEBUG - Directory ensured: videostore\temp
2026-02-18 15:33:31 - FileUtils - DEBUG - Directory ensured: videostore\database
2026-02-18 15:33:31 - FileUtils - DEBUG - Directory ensured: videostore\metadata_backup
2026-02-18 15:33:31 - StorageService - DEBUG - All storage directories verified
2026-02-18 15:33:31 - StorageService - INFO - Storage service initialized successfully
2026-02-18 15:33:31 - FileUtils - DEBUG - Directory ensured: videostore
2026-02-18 15:33:31 - FileUtils - DEBUG - Directory ensured: videostore\videos
2026-02-18 15:33:31 - FileUtils - DEBUG - Directory ensured: videostore\thumbnails
2026-02-18 15:33:31 - FileUtils - DEBUG - Directory ensured: videostore\temp
2026-02-18 15:33:31 - FileUtils - DEBUG - Directory ensured: videostore\database
2026-02-18 15:33:31 - FileUtils - DEBUG - Directory ensured: videostore\metadata_backup
2026-02-18 15:33:31 - StorageService - DEBUG - All storage directories verified
2026-02-18 15:33:31 - StorageService - DEBUG - Storage status: 129.80 GB free of 487.11 GB (73.4% used)
2026-02-18 15:33:31 - Main - INFO - Storage OK - 129.8 GB free of 487.1 GB
2026-02-18 15:33:31 - Main - INFO - Cleaning temporary files...
2026-02-18 15:33:31 - StorageService - INFO - Cleaned temp directory: 0 files removed
2026-02-18 15:33:31 - Main - INFO - Cleaned 0 temporary files
2026-02-18 15:33:31 - Main - INFO - System initialization complete
2026-02-18 15:33:31 - Main - INFO - ============================================================
2026-02-18 15:33:31 - Main - INFO - Creating main window...
2026-02-18 15:33:31 - SystemMonitorService - INFO - System monitor initialized on Windows
2026-02-18 15:33:31 - PreviewHandler - DEBUG - PreviewHandler initialized (throttle: every 3 frames)
2026-02-18 15:33:31 - VideoCaptureService - INFO - Video capture initialized: 0
2026-02-18 15:33:31 - VideoCaptureService - INFO - Platform: Windows
2026-02-18 15:33:31 - VideoEncoderService - INFO - Video encoder initialized: OpenCV mode
2026-02-18 15:33:31 - FileUtils - DEBUG - Directory ensured: videostore
2026-02-18 15:33:31 - FileUtils - DEBUG - Directory ensured: videostore\videos
2026-02-18 15:33:31 - FileUtils - DEBUG - Directory ensured: videostore\thumbnails
2026-02-18 15:33:31 - FileUtils - DEBUG - Directory ensured: videostore\temp
2026-02-18 15:33:31 - FileUtils - DEBUG - Directory ensured: videostore\database
2026-02-18 15:33:31 - FileUtils - DEBUG - Directory ensured: videostore\metadata_backup
2026-02-18 15:33:31 - StorageService - DEBUG - All storage directories verified
2026-02-18 15:33:31 - StorageService - INFO - Storage service initialized successfully
2026-02-18 15:33:31 - RecordingController - INFO - Recording controller initialized
2026-02-18 15:33:31 - RecordingController - DEBUG - Error callback set
2026-02-18 15:33:31 - RecordingControllerWrapper - DEBUG - RecordingControllerWrapper initialized
2026-02-18 15:33:31 - RecordingControllerWrapper - DEBUG - RecordingTimer initialized
2026-02-18 15:33:31 - MetadataHandler - DEBUG - MetadataHandler initialized
2026-02-18 15:33:31 - RecordingScreen - INFO - RecordingScreen initialized (LGH Edition)
2026-02-18 15:33:31 - DatabaseService - DEBUG - Database service initialized: videostore\database\otvideo.db
2026-02-18 15:33:31 - FileUtils - DEBUG - Directory ensured: videostore
2026-02-18 15:33:31 - FileUtils - DEBUG - Directory ensured: videostore\videos
2026-02-18 15:33:31 - FileUtils - DEBUG - Directory ensured: videostore\thumbnails
2026-02-18 15:33:31 - FileUtils - DEBUG - Directory ensured: videostore\temp
2026-02-18 15:33:31 - FileUtils - DEBUG - Directory ensured: videostore\database
2026-02-18 15:33:31 - FileUtils - DEBUG - Directory ensured: videostore\metadata_backup
2026-02-18 15:33:31 - StorageService - DEBUG - All storage directories verified
2026-02-18 15:33:31 - StorageService - INFO - Storage service initialized successfully
2026-02-18 15:33:31 - LibraryController - INFO - Library controller initialized
2026-02-18 15:33:31 - DatabaseService - DEBUG - Retrieved 66 recordings
2026-02-18 15:33:31 - LibraryController - INFO - Retrieved 66 recordings
2026-02-18 15:33:31 - PlaybackScreen - INFO - Playback screen initialized
2026-02-18 15:33:31 - FileUtils - DEBUG - Directory ensured: videostore
2026-02-18 15:33:31 - FileUtils - DEBUG - Directory ensured: videostore\videos
2026-02-18 15:33:31 - FileUtils - DEBUG - Directory ensured: videostore\thumbnails
2026-02-18 15:33:31 - FileUtils - DEBUG - Directory ensured: videostore\temp
2026-02-18 15:33:31 - FileUtils - DEBUG - Directory ensured: videostore\database
2026-02-18 15:33:31 - FileUtils - DEBUG - Directory ensured: videostore\metadata_backup
2026-02-18 15:33:31 - StorageService - DEBUG - All storage directories verified
2026-02-18 15:33:31 - StorageService - INFO - Storage service initialized successfully
2026-02-18 15:33:31 - StorageService - DEBUG - Storage status: 129.80 GB free of 487.11 GB (73.4% used)
2026-02-18 15:33:31 - SettingsScreen - DEBUG - Storage stats updated: 129.8 GB free
2026-02-18 15:33:31 - SettingsScreen - INFO - Settings screen initialized
2026-02-18 15:33:33 - VoiceCommandService - INFO - Loading Vosk model: C:\Users\zb\vosk-models\vosk-model-small-en-us-0.15
2026-02-18 15:33:35 - VoiceCommandService - INFO - ✓ Voice command service initialized
2026-02-18 15:33:35 - VoiceCommandService - INFO -   Model: vosk-model-small-en-us-0.15
2026-02-18 15:33:35 - VoiceCommandService - DEBUG - Command callback set
2026-02-18 15:33:35 - VoiceIndicator - DEBUG - Voice indicator initialized
2026-02-18 15:33:35 - MainWindow - INFO - Voice commands initialized (ready)
2026-02-18 15:33:35 - SystemMonitorService - DEBUG - Temperature not available on Windows
2026-02-18 15:33:35 - SystemMonitorService - WARNING - psutil not installed on Windows
2026-02-18 15:33:35 - SystemMonitorService - DEBUG - Health: healthy
2026-02-18 15:33:36 - MainWindow - INFO - Main window initialized
2026-02-18 15:33:36 - Main - INFO - Application started successfully
2026-02-18 15:33:36 - Main - INFO - Ready for operation
2026-02-18 15:33:40 - SystemMonitorService - DEBUG - Temperature not available on Windows
2026-02-18 15:33:40 - SystemMonitorService - WARNING - psutil not installed on Windows
2026-02-18 15:33:40 - SystemMonitorService - DEBUG - Health: healthy
2026-02-18 15:33:45 - SystemMonitorService - DEBUG - Temperature not available on Windows
2026-02-18 15:33:45 - SystemMonitorService - WARNING - psutil not installed on Windows
2026-02-18 15:33:45 - SystemMonitorService - DEBUG - Health: healthy
2026-02-18 15:33:50 - SystemMonitorService - DEBUG - Temperature not available on Windows
2026-02-18 15:33:50 - SystemMonitorService - WARNING - psutil not installed on Windows
2026-02-18 15:33:50 - SystemMonitorService - DEBUG - Health: healthy
2026-02-18 15:33:55 - SystemMonitorService - DEBUG - Temperature not available on Windows
2026-02-18 15:33:55 - SystemMonitorService - WARNING - psutil not installed on Windows
2026-02-18 15:33:55 - SystemMonitorService - DEBUG - Health: healthy
2026-02-18 15:34:00 - SystemMonitorService - DEBUG - Temperature not available on Windows
2026-02-18 15:34:00 - SystemMonitorService - WARNING - psutil not installed on Windows
2026-02-18 15:34:00 - SystemMonitorService - DEBUG - Health: healthy
2026-02-18 15:34:05 - SystemMonitorService - DEBUG - Temperature not available on Windows
2026-02-18 15:34:05 - SystemMonitorService - WARNING - psutil not installed on Windows
2026-02-18 15:34:05 - SystemMonitorService - DEBUG - Health: healthy
2026-02-18 15:34:10 - SystemMonitorService - DEBUG - Temperature not available on Windows
2026-02-18 15:34:10 - SystemMonitorService - WARNING - psutil not installed on Windows
2026-02-18 15:34:10 - SystemMonitorService - DEBUG - Health: healthy
2026-02-18 15:34:15 - SystemMonitorService - DEBUG - Temperature not available on Windows
2026-02-18 15:34:15 - SystemMonitorService - WARNING - psutil not installed on Windows
2026-02-18 15:34:15 - SystemMonitorService - DEBUG - Health: healthy
2026-02-18 15:34:20 - SystemMonitorService - DEBUG - Temperature not available on Windows
2026-02-18 15:34:20 - SystemMonitorService - WARNING - psutil not installed on Windows
2026-02-18 15:34:20 - SystemMonitorService - DEBUG - Health: healthy
2026-02-18 15:34:25 - SystemMonitorService - DEBUG - Temperature not available on Windows
2026-02-18 15:34:25 - SystemMonitorService - WARNING - psutil not installed on Windows
2026-02-18 15:34:25 - SystemMonitorService - DEBUG - Health: healthy
2026-02-18 15:34:30 - SystemMonitorService - DEBUG - Temperature not available on Windows
2026-02-18 15:34:30 - SystemMonitorService - WARNING - psutil not installed on Windows
2026-02-18 15:34:30 - SystemMonitorService - DEBUG - Health: healthy
2026-02-18 15:34:35 - SystemMonitorService - DEBUG - Temperature not available on Windows
2026-02-18 15:34:35 - SystemMonitorService - WARNING - psutil not installed on Windows
2026-02-18 15:34:35 - SystemMonitorService - DEBUG - Health: healthy
2026-02-18 15:34:40 - SystemMonitorService - DEBUG - Temperature not available on Windows
2026-02-18 15:34:40 - SystemMonitorService - WARNING - psutil not installed on Windows
2026-02-18 15:34:40 - SystemMonitorService - DEBUG - Health: healthy
2026-02-18 15:34:45 - SystemMonitorService - DEBUG - Temperature not available on Windows
2026-02-18 15:34:45 - SystemMonitorService - WARNING - psutil not installed on Windows
2026-02-18 15:34:45 - SystemMonitorService - DEBUG - Health: healthy
2026-02-18 15:34:50 - SystemMonitorService - DEBUG - Temperature not available on Windows
2026-02-18 15:34:50 - SystemMonitorService - WARNING - psutil not installed on Windows
2026-02-18 15:34:50 - SystemMonitorService - DEBUG - Health: healthy
2026-02-18 15:34:55 - SystemMonitorService - DEBUG - Temperature not available on Windows
2026-02-18 15:34:55 - SystemMonitorService - WARNING - psutil not installed on Windows
2026-02-18 15:34:55 - SystemMonitorService - DEBUG - Health: healthy
2026-02-18 15:35:00 - SystemMonitorService - DEBUG - Temperature not available on Windows
2026-02-18 15:35:00 - SystemMonitorService - WARNING - psutil not installed on Windows
2026-02-18 15:35:00 - SystemMonitorService - DEBUG - Health: healthy
2026-02-18 15:35:05 - SystemMonitorService - DEBUG - Temperature not available on Windows
2026-02-18 15:35:05 - SystemMonitorService - WARNING - psutil not installed on Windows
2026-02-18 15:35:05 - SystemMonitorService - DEBUG - Health: healthy
2026-02-18 15:35:10 - SystemMonitorService - DEBUG - Temperature not available on Windows
2026-02-18 15:35:10 - SystemMonitorService - WARNING - psutil not installed on Windows
2026-02-18 15:35:10 - SystemMonitorService - DEBUG - Health: healthy
2026-02-18 15:35:15 - SystemMonitorService - DEBUG - Temperature not available on Windows
2026-02-18 15:35:15 - SystemMonitorService - WARNING - psutil not installed on Windows
2026-02-18 15:35:15 - SystemMonitorService - DEBUG - Health: healthy
2026-02-18 15:35:20 - SystemMonitorService - DEBUG - Temperature not available on Windows
2026-02-18 15:35:20 - SystemMonitorService - WARNING - psutil not installed on Windows
2026-02-18 15:35:20 - SystemMonitorService - DEBUG - Health: healthy
2026-02-18 15:35:25 - SystemMonitorService - DEBUG - Temperature not available on Windows
2026-02-18 15:35:25 - SystemMonitorService - WARNING - psutil not installed on Windows
2026-02-18 15:35:25 - SystemMonitorService - DEBUG - Health: healthy
2026-02-18 15:35:30 - SystemMonitorService - DEBUG - Temperature not available on Windows
2026-02-18 15:35:30 - SystemMonitorService - WARNING - psutil not installed on Windows
2026-02-18 15:35:30 - SystemMonitorService - DEBUG - Health: healthy
2026-02-18 15:35:35 - SystemMonitorService - DEBUG - Temperature not available on Windows
2026-02-18 15:35:35 - SystemMonitorService - WARNING - psutil not installed on Windows
2026-02-18 15:35:35 - SystemMonitorService - DEBUG - Health: healthy
2026-02-18 15:35:40 - SystemMonitorService - DEBUG - Temperature not available on Windows
2026-02-18 15:35:40 - SystemMonitorService - WARNING - psutil not installed on Windows
2026-02-18 15:35:40 - SystemMonitorService - DEBUG - Health: healthy
2026-02-18 15:35:45 - SystemMonitorService - DEBUG - Temperature not available on Windows
2026-02-18 15:35:45 - SystemMonitorService - WARNING - psutil not installed on Windows
2026-02-18 15:35:45 - SystemMonitorService - DEBUG - Health: healthy
2026-02-18 15:35:50 - SystemMonitorService - DEBUG - Temperature not available on Windows
2026-02-18 15:35:50 - SystemMonitorService - WARNING - psutil not installed on Windows
2026-02-18 15:35:50 - SystemMonitorService - DEBUG - Health: healthy
2026-02-18 15:35:55 - SystemMonitorService - DEBUG - Temperature not available on Windows
2026-02-18 15:35:55 - SystemMonitorService - WARNING - psutil not installed on Windows
2026-02-18 15:35:55 - SystemMonitorService - DEBUG - Health: healthy
2026-02-18 15:36:00 - SystemMonitorService - DEBUG - Temperature not available on Windows
2026-02-18 15:36:00 - SystemMonitorService - WARNING - psutil not installed on Windows
2026-02-18 15:36:00 - SystemMonitorService - DEBUG - Health: healthy
2026-02-18 15:36:05 - SystemMonitorService - DEBUG - Temperature not available on Windows
2026-02-18 15:36:05 - SystemMonitorService - WARNING - psutil not installed on Windows
2026-02-18 15:36:05 - SystemMonitorService - DEBUG - Health: healthy
2026-02-18 15:36:10 - SystemMonitorService - DEBUG - Temperature not available on Windows
2026-02-18 15:36:10 - SystemMonitorService - WARNING - psutil not installed on Windows
2026-02-18 15:36:10 - SystemMonitorService - DEBUG - Health: healthy
2026-02-18 15:36:15 - SystemMonitorService - DEBUG - Temperature not available on Windows
2026-02-18 15:36:15 - SystemMonitorService - WARNING - psutil not installed on Windows
2026-02-18 15:36:15 - SystemMonitorService - DEBUG - Health: healthy
2026-02-18 15:36:20 - SystemMonitorService - DEBUG - Temperature not available on Windows
2026-02-18 15:36:20 - SystemMonitorService - WARNING - psutil not installed on Windows
2026-02-18 15:36:20 - SystemMonitorService - DEBUG - Health: healthy
2026-02-18 15:36:25 - SystemMonitorService - DEBUG - Temperature not available on Windows
2026-02-18 15:36:25 - SystemMonitorService - WARNING - psutil not installed on Windows
2026-02-18 15:36:25 - SystemMonitorService - DEBUG - Health: healthy
2026-02-18 15:36:30 - SystemMonitorService - DEBUG - Temperature not available on Windows
2026-02-18 15:36:30 - SystemMonitorService - WARNING - psutil not installed on Windows
2026-02-18 15:36:30 - SystemMonitorService - DEBUG - Health: healthy
2026-02-18 15:36:35 - SystemMonitorService - DEBUG - Temperature not available on Windows
2026-02-18 15:36:35 - SystemMonitorService - WARNING - psutil not installed on Windows
2026-02-18 15:36:35 - SystemMonitorService - DEBUG - Health: healthy
2026-02-18 15:36:40 - SystemMonitorService - DEBUG - Temperature not available on Windows
2026-02-18 15:36:40 - SystemMonitorService - WARNING - psutil not installed on Windows
2026-02-18 15:36:40 - SystemMonitorService - DEBUG - Health: healthy
2026-02-18 15:36:45 - StorageService - DEBUG - Storage status: 129.80 GB free of 487.11 GB (73.4% used)
2026-02-18 15:36:45 - RecordingController - INFO - Created recording: 20260218_153645.mp4
2026-02-18 15:36:45 - VideoCaptureService - INFO - Opening Windows camera 0 with DirectShow
2026-02-18 15:36:47 - VideoCaptureService - INFO - Camera opened successfully: 640x480 @ 30fps
2026-02-18 15:36:47 - RecordingController - INFO - Camera opened: None
2026-02-18 15:36:47 - VideoEncoderService - INFO - OpenCV encoding started: videostore\temp\20260218_153645.mp4
2026-02-18 15:36:47 - RecordingController - INFO - Encoder started: videostore\temp\20260218_153645.mp4
2026-02-18 15:36:47 - RecordingController - DEBUG - Recording loop started
2026-02-18 15:36:47 - RecordingController - INFO - Recording started successfully
2026-02-18 15:36:47 - RecordingControllerWrapper - INFO - Recording started: None
2026-02-18 15:36:47 - RecordingControllerWrapper - DEBUG - Timer started
2026-02-18 15:36:47 - RecordingScreen - INFO - Recording started
2026-02-18 15:36:47 - SystemMonitorService - DEBUG - Temperature not available on Windows
2026-02-18 15:36:47 - SystemMonitorService - WARNING - psutil not installed on Windows
2026-02-18 15:36:47 - SystemMonitorService - DEBUG - Health: healthy
2026-02-18 15:36:50 - SystemMonitorService - DEBUG - Temperature not available on Windows
2026-02-18 15:36:50 - SystemMonitorService - WARNING - psutil not installed on Windows
2026-02-18 15:36:50 - SystemMonitorService - DEBUG - Health: healthy
2026-02-18 15:36:53 - RecordingController - INFO - Stopping recording...
2026-02-18 15:36:53 - RecordingController - DEBUG - Recording loop ended. Frames captured: 174
2026-02-18 15:36:53 - VideoEncoderService - INFO - OpenCV encoding complete: 174 frames, 0.85 MB
2026-02-18 15:36:53 - RecordingController - INFO - Encoder stopped: {'frame_count': 174, 'duration_seconds': 5, 'output_path': 'videostore\\temp\\20260218_153645.mp4', 'file_size_bytes': 887580, 'file_size_mb': 0.8464622497558594, 'encoder': 'OpenCV'}
2026-02-18 15:36:53 - VideoCaptureService - INFO - Camera closed
2026-02-18 15:36:53 - RecordingController - INFO - Camera closed
2026-02-18 15:36:53 - RecordingController - DEBUG - Recording duration: 6 seconds
2026-02-18 15:36:53 - FileUtils - DEBUG - Directory ensured: videostore\videos\2026\02
2026-02-18 15:36:53 - StorageService - INFO - Saved recording: 20260218_153645.mp4 (0.85 MB)
2026-02-18 15:36:53 - RecordingController - INFO - Video saved: videostore\videos\2026\02\20260218_153645.mp4
2026-02-18 15:36:53 - DatabaseService - DEBUG - Database service initialized: videostore\database\otvideo.db
2026-02-18 15:36:53 - DatabaseService - INFO - Created recording: ID=79, filename=20260218_153645.mp4
2026-02-18 15:36:53 - RecordingController - INFO - Recording saved to database: ID=79
2026-02-18 15:36:53 - RecordingController - INFO - ✓ Recording stopped successfully
2026-02-18 15:36:53 - RecordingControllerWrapper - INFO - Recording stopped: videostore\videos\2026\02\20260218_153645.mp4
2026-02-18 15:36:53 - RecordingControllerWrapper - DEBUG - Timer stopped
2026-02-18 15:36:53 - PreviewHandler - DEBUG - Preview cleared
2026-02-18 15:36:53 - RecordingInfoDialog - DEBUG - Recording info dialog initialized
2026-02-18 15:36:55 - SystemMonitorService - DEBUG - Temperature not available on Windows
2026-02-18 15:36:55 - SystemMonitorService - WARNING - psutil not installed on Windows
2026-02-18 15:36:55 - SystemMonitorService - DEBUG - Health: healthy
2026-02-18 15:36:56 - RecordingInfoDialog - DEBUG - Collected recording info: patient=
2026-02-18 15:36:56 - DatabaseService - DEBUG - Database service initialized: videostore\database\otvideo.db
2026-02-18 15:36:56 - MetadataController - INFO - Metadata controller initialized
2026-02-18 15:36:56 - DatabaseService - INFO - Updated recording: ID=79
2026-02-18 15:36:56 - MetadataController - INFO - Metadata added to 20260218_153645.mp4
2026-02-18 15:36:56 - RecordingInfoDialog - INFO - Recording info saved for: 20260218_153645.mp4
2026-02-18 15:36:56 - MetadataHandler - INFO - Metadata saved (post-recording)
2026-02-18 15:36:56 - MetadataHandler - INFO - Metadata cleared
2026-02-18 15:36:56 - RecordingScreen - INFO - Recording stopped
2026-02-18 15:37:00 - SystemMonitorService - DEBUG - Temperature not available on Windows
2026-02-18 15:37:00 - SystemMonitorService - WARNING - psutil not installed on Windows
2026-02-18 15:37:00 - SystemMonitorService - DEBUG - Health: healthy
2026-02-18 15:37:02 - DatabaseService - DEBUG - Retrieved 67 recordings
2026-02-18 15:37:02 - LibraryController - INFO - Retrieved 67 recordings
2026-02-18 15:37:05 - PlaybackScreen - INFO - ✓ Video loaded: 20260218_153645.mp4
2026-02-18 15:37:05 - LibraryScreen - INFO - Playing: 20260218_153645.mp4
2026-02-18 15:37:05 - SystemMonitorService - DEBUG - Temperature not available on Windows
2026-02-18 15:37:05 - SystemMonitorService - WARNING - psutil not installed on Windows
2026-02-18 15:37:05 - SystemMonitorService - DEBUG - Health: healthy
2026-02-18 15:37:07 - DatabaseService - DEBUG - Retrieved 67 recordings
2026-02-18 15:37:07 - LibraryController - INFO - Retrieved 67 recordings
2026-02-18 15:37:10 - SystemMonitorService - DEBUG - Temperature not available on Windows
2026-02-18 15:37:10 - SystemMonitorService - WARNING - psutil not installed on Windows
2026-02-18 15:37:10 - SystemMonitorService - DEBUG - Health: healthy
2026-02-18 15:54:55 - Main - INFO - ============================================================
2026-02-18 15:54:55 - Main - INFO - OT VIDEO SYSTEM STARTING
2026-02-18 15:54:55 - Main - INFO - ============================================================
2026-02-18 15:54:55 - Main - INFO - ============================================================
2026-02-18 15:54:55 - Main - INFO - OT Video Management System v1.0.2
2026-02-18 15:54:55 - Main - INFO - Python 3.13.7
2026-02-18 15:54:55 - Main - INFO - Platform: Windows-10-10.0.19045-SP0
2026-02-18 15:54:55 - Main - INFO - Started at: 2026-02-18 15:54:55
2026-02-18 15:54:55 - Main - INFO - ============================================================
2026-02-18 15:54:55 - Main - INFO - Initializing database...
2026-02-18 15:54:55 - Main - INFO - Database initialized successfully
2026-02-18 15:54:55 - Main - INFO - Verifying database connection...
2026-02-18 15:54:55 - DatabaseService - DEBUG - Database service initialized: videostore\database\otvideo.db
2026-02-18 15:54:55 - Main - INFO - Database OK - 67 recordings found
2026-02-18 15:54:55 - Main - INFO - Checking storage...
2026-02-18 15:54:55 - FileUtils - DEBUG - Directory ensured: videostore
2026-02-18 15:54:55 - FileUtils - DEBUG - Directory ensured: videostore\videos
2026-02-18 15:54:55 - FileUtils - DEBUG - Directory ensured: videostore\thumbnails
2026-02-18 15:54:55 - FileUtils - DEBUG - Directory ensured: videostore\temp
2026-02-18 15:54:55 - FileUtils - DEBUG - Directory ensured: videostore\database
2026-02-18 15:54:55 - FileUtils - DEBUG - Directory ensured: videostore\metadata_backup
2026-02-18 15:54:55 - StorageService - DEBUG - All storage directories verified
2026-02-18 15:54:55 - StorageService - INFO - Storage service initialized successfully
2026-02-18 15:54:55 - FileUtils - DEBUG - Directory ensured: videostore
2026-02-18 15:54:55 - FileUtils - DEBUG - Directory ensured: videostore\videos
2026-02-18 15:54:55 - FileUtils - DEBUG - Directory ensured: videostore\thumbnails
2026-02-18 15:54:55 - FileUtils - DEBUG - Directory ensured: videostore\temp
2026-02-18 15:54:55 - FileUtils - DEBUG - Directory ensured: videostore\database
2026-02-18 15:54:55 - FileUtils - DEBUG - Directory ensured: videostore\metadata_backup
2026-02-18 15:54:55 - StorageService - DEBUG - All storage directories verified
2026-02-18 15:54:55 - StorageService - DEBUG - Storage status: 129.82 GB free of 487.11 GB (73.3% used)
2026-02-18 15:54:55 - Main - INFO - Storage OK - 129.8 GB free of 487.1 GB
2026-02-18 15:54:55 - Main - INFO - Cleaning temporary files...
2026-02-18 15:54:55 - StorageService - INFO - Cleaned temp directory: 0 files removed
2026-02-18 15:54:55 - Main - INFO - Cleaned 0 temporary files
2026-02-18 15:54:55 - Main - INFO - System initialization complete
2026-02-18 15:54:55 - Main - INFO - ============================================================
2026-02-18 15:54:55 - Main - INFO - Showing splash screen...
2026-02-18 15:54:58 - Main - INFO - First launch - showing disclaimer...
2026-02-18 15:55:06 - Main - WARNING - Disclaimer rejected - exiting
2026-02-18 15:55:37 - Main - INFO - ============================================================
2026-02-18 15:55:37 - Main - INFO - OT VIDEO SYSTEM STARTING
2026-02-18 15:55:37 - Main - INFO - ============================================================
2026-02-18 15:55:37 - Main - INFO - ============================================================
2026-02-18 15:55:37 - Main - INFO - OT Video Management System v1.0.2
2026-02-18 15:55:37 - Main - INFO - Python 3.13.7
2026-02-18 15:55:37 - Main - INFO - Platform: Windows-10-10.0.19045-SP0
2026-02-18 15:55:37 - Main - INFO - Started at: 2026-02-18 15:55:37
2026-02-18 15:55:37 - Main - INFO - ============================================================
2026-02-18 15:55:37 - Main - INFO - Initializing database...
2026-02-18 15:55:37 - Main - INFO - Database initialized successfully
2026-02-18 15:55:37 - Main - INFO - Verifying database connection...
2026-02-18 15:55:37 - DatabaseService - DEBUG - Database service initialized: videostore\database\otvideo.db
2026-02-18 15:55:37 - Main - INFO - Database OK - 67 recordings found
2026-02-18 15:55:37 - Main - INFO - Checking storage...
2026-02-18 15:55:37 - FileUtils - DEBUG - Directory ensured: videostore
2026-02-18 15:55:37 - FileUtils - DEBUG - Directory ensured: videostore\videos
2026-02-18 15:55:37 - FileUtils - DEBUG - Directory ensured: videostore\thumbnails
2026-02-18 15:55:37 - FileUtils - DEBUG - Directory ensured: videostore\temp
2026-02-18 15:55:37 - FileUtils - DEBUG - Directory ensured: videostore\database
2026-02-18 15:55:37 - FileUtils - DEBUG - Directory ensured: videostore\metadata_backup
2026-02-18 15:55:37 - StorageService - DEBUG - All storage directories verified
2026-02-18 15:55:37 - StorageService - INFO - Storage service initialized successfully
2026-02-18 15:55:37 - FileUtils - DEBUG - Directory ensured: videostore
2026-02-18 15:55:37 - FileUtils - DEBUG - Directory ensured: videostore\videos
2026-02-18 15:55:37 - FileUtils - DEBUG - Directory ensured: videostore\thumbnails
2026-02-18 15:55:37 - FileUtils - DEBUG - Directory ensured: videostore\temp
2026-02-18 15:55:37 - FileUtils - DEBUG - Directory ensured: videostore\database
2026-02-18 15:55:37 - FileUtils - DEBUG - Directory ensured: videostore\metadata_backup
2026-02-18 15:55:37 - StorageService - DEBUG - All storage directories verified
2026-02-18 15:55:37 - StorageService - DEBUG - Storage status: 129.82 GB free of 487.11 GB (73.3% used)
2026-02-18 15:55:37 - Main - INFO - Storage OK - 129.8 GB free of 487.1 GB
2026-02-18 15:55:37 - Main - INFO - Cleaning temporary files...
2026-02-18 15:55:37 - StorageService - INFO - Cleaned temp directory: 0 files removed
2026-02-18 15:55:37 - Main - INFO - Cleaned 0 temporary files
2026-02-18 15:55:37 - Main - INFO - System initialization complete
2026-02-18 15:55:37 - Main - INFO - ============================================================
2026-02-18 15:55:37 - Main - INFO - Showing splash screen...
2026-02-18 15:55:40 - Main - INFO - First launch - showing disclaimer...
2026-02-18 15:56:15 - Main - WARNING - Disclaimer rejected - exiting
2026-02-18 20:53:57 - Main - INFO - ============================================================
2026-02-18 20:53:58 - Main - INFO - OT VIDEO SYSTEM STARTING
2026-02-18 20:53:58 - Main - INFO - ============================================================
2026-02-18 20:53:58 - Main - INFO - ============================================================
2026-02-18 20:53:58 - Main - INFO - OT Video Management System v1.0.2
2026-02-18 20:53:58 - Main - INFO - Python 3.13.7
2026-02-18 20:53:58 - Main - INFO - Platform: Windows-10-10.0.19045-SP0
2026-02-18 20:53:58 - Main - INFO - Started at: 2026-02-18 20:53:58
2026-02-18 20:53:58 - Main - INFO - ============================================================
2026-02-18 20:53:58 - Main - INFO - Initializing database...
2026-02-18 20:53:58 - Main - INFO - Database initialized successfully
2026-02-18 20:53:58 - Main - INFO - Verifying database connection...
2026-02-18 20:53:58 - DatabaseService - DEBUG - Database service initialized: videostore\database\otvideo.db
2026-02-18 20:53:58 - Main - INFO - Database OK - 67 recordings found
2026-02-18 20:53:58 - Main - INFO - Checking storage...
2026-02-18 20:53:58 - FileUtils - DEBUG - Directory ensured: videostore
2026-02-18 20:53:58 - FileUtils - DEBUG - Directory ensured: videostore\videos
2026-02-18 20:53:58 - FileUtils - DEBUG - Directory ensured: videostore\thumbnails
2026-02-18 20:53:58 - FileUtils - DEBUG - Directory ensured: videostore\temp
2026-02-18 20:53:58 - FileUtils - DEBUG - Directory ensured: videostore\database
2026-02-18 20:53:58 - FileUtils - DEBUG - Directory ensured: videostore\metadata_backup
2026-02-18 20:53:58 - StorageService - DEBUG - All storage directories verified
2026-02-18 20:53:58 - StorageService - INFO - Storage service initialized successfully
2026-02-18 20:53:58 - FileUtils - DEBUG - Directory ensured: videostore
2026-02-18 20:53:58 - FileUtils - DEBUG - Directory ensured: videostore\videos
2026-02-18 20:53:58 - FileUtils - DEBUG - Directory ensured: videostore\thumbnails
2026-02-18 20:53:58 - FileUtils - DEBUG - Directory ensured: videostore\temp
2026-02-18 20:53:58 - FileUtils - DEBUG - Directory ensured: videostore\database
2026-02-18 20:53:58 - FileUtils - DEBUG - Directory ensured: videostore\metadata_backup
2026-02-18 20:53:58 - StorageService - DEBUG - All storage directories verified
2026-02-18 20:53:58 - StorageService - DEBUG - Storage status: 129.78 GB free of 487.11 GB (73.4% used)
2026-02-18 20:53:58 - Main - INFO - Storage OK - 129.8 GB free of 487.1 GB
2026-02-18 20:53:58 - Main - INFO - Cleaning temporary files...
2026-02-18 20:53:58 - StorageService - INFO - Cleaned temp directory: 0 files removed
2026-02-18 20:53:58 - Main - INFO - Cleaned 0 temporary files
2026-02-18 20:53:58 - Main - INFO - System initialization complete
2026-02-18 20:53:58 - Main - INFO - ============================================================
2026-02-18 20:53:58 - Main - INFO - Showing splash screen...
2026-02-18 20:54:01 - Main - INFO - First launch - showing disclaimer...
2026-02-18 20:54:08 - Main - WARNING - Disclaimer rejected - exiting
2026-02-18 20:57:17 - Main - INFO - ============================================================
2026-02-18 20:57:17 - Main - INFO - OT VIDEO SYSTEM STARTING
2026-02-18 20:57:17 - Main - INFO - ============================================================
2026-02-18 20:57:17 - Main - INFO - ============================================================
2026-02-18 20:57:17 - Main - INFO - OT Video Management System v1.0.2
2026-02-18 20:57:17 - Main - INFO - Python 3.13.7
2026-02-18 20:57:17 - Main - INFO - Platform: Windows-10-10.0.19045-SP0
2026-02-18 20:57:17 - Main - INFO - Started at: 2026-02-18 20:57:17
2026-02-18 20:57:17 - Main - INFO - ============================================================
2026-02-18 20:57:17 - Main - INFO - Initializing database...
2026-02-18 20:57:17 - Main - INFO - Database initialized successfully
2026-02-18 20:57:17 - Main - INFO - Verifying database connection...
2026-02-18 20:57:17 - DatabaseService - DEBUG - Database service initialized: videostore\database\otvideo.db
2026-02-18 20:57:17 - Main - INFO - Database OK - 67 recordings found
2026-02-18 20:57:17 - Main - INFO - Checking storage...
2026-02-18 20:57:17 - FileUtils - DEBUG - Directory ensured: videostore
2026-02-18 20:57:17 - FileUtils - DEBUG - Directory ensured: videostore\videos
2026-02-18 20:57:17 - FileUtils - DEBUG - Directory ensured: videostore\thumbnails
2026-02-18 20:57:17 - FileUtils - DEBUG - Directory ensured: videostore\temp
2026-02-18 20:57:17 - FileUtils - DEBUG - Directory ensured: videostore\database
2026-02-18 20:57:17 - FileUtils - DEBUG - Directory ensured: videostore\metadata_backup
2026-02-18 20:57:17 - StorageService - DEBUG - All storage directories verified
2026-02-18 20:57:17 - StorageService - INFO - Storage service initialized successfully
2026-02-18 20:57:17 - FileUtils - DEBUG - Directory ensured: videostore
2026-02-18 20:57:17 - FileUtils - DEBUG - Directory ensured: videostore\videos
2026-02-18 20:57:17 - FileUtils - DEBUG - Directory ensured: videostore\thumbnails
2026-02-18 20:57:17 - FileUtils - DEBUG - Directory ensured: videostore\temp
2026-02-18 20:57:17 - FileUtils - DEBUG - Directory ensured: videostore\database
2026-02-18 20:57:17 - FileUtils - DEBUG - Directory ensured: videostore\metadata_backup
2026-02-18 20:57:17 - StorageService - DEBUG - All storage directories verified
2026-02-18 20:57:17 - StorageService - DEBUG - Storage status: 129.78 GB free of 487.11 GB (73.4% used)
2026-02-18 20:57:17 - Main - INFO - Storage OK - 129.8 GB free of 487.1 GB
2026-02-18 20:57:17 - Main - INFO - Cleaning temporary files...
2026-02-18 20:57:17 - StorageService - INFO - Cleaned temp directory: 0 files removed
2026-02-18 20:57:17 - Main - INFO - Cleaned 0 temporary files
2026-02-18 20:57:17 - Main - INFO - System initialization complete
2026-02-18 20:57:17 - Main - INFO - ============================================================
2026-02-18 20:57:17 - Main - INFO - Showing splash screen...
2026-02-18 20:57:20 - Main - INFO - First launch - showing disclaimer...
2026-02-18 20:57:23 - Main - WARNING - Disclaimer rejected - exiting
2026-02-18 21:03:59 - Main - INFO - ============================================================
2026-02-18 21:03:59 - Main - INFO - OT VIDEO SYSTEM STARTING
2026-02-18 21:03:59 - Main - INFO - ============================================================
2026-02-18 21:03:59 - Main - INFO - ============================================================
2026-02-18 21:03:59 - Main - INFO - OT Video Management System v1.0.2
2026-02-18 21:03:59 - Main - INFO - Python 3.13.7
2026-02-18 21:03:59 - Main - INFO - Platform: Windows-10-10.0.19045-SP0
2026-02-18 21:03:59 - Main - INFO - Started at: 2026-02-18 21:03:59
2026-02-18 21:03:59 - Main - INFO - ============================================================
2026-02-18 21:03:59 - Main - INFO - Initializing database...
2026-02-18 21:03:59 - Main - INFO - Database initialized successfully
2026-02-18 21:03:59 - Main - INFO - Verifying database connection...
2026-02-18 21:03:59 - DatabaseService - DEBUG - Database service initialized: videostore\database\otvideo.db
2026-02-18 21:03:59 - Main - INFO - Database OK - 67 recordings found
2026-02-18 21:03:59 - Main - INFO - Checking storage...
2026-02-18 21:03:59 - FileUtils - DEBUG - Directory ensured: videostore
2026-02-18 21:03:59 - FileUtils - DEBUG - Directory ensured: videostore\videos
2026-02-18 21:03:59 - FileUtils - DEBUG - Directory ensured: videostore\thumbnails
2026-02-18 21:03:59 - FileUtils - DEBUG - Directory ensured: videostore\temp
2026-02-18 21:03:59 - FileUtils - DEBUG - Directory ensured: videostore\database
2026-02-18 21:03:59 - FileUtils - DEBUG - Directory ensured: videostore\metadata_backup
2026-02-18 21:03:59 - StorageService - DEBUG - All storage directories verified
2026-02-18 21:03:59 - StorageService - INFO - Storage service initialized successfully
2026-02-18 21:03:59 - FileUtils - DEBUG - Directory ensured: videostore
2026-02-18 21:03:59 - FileUtils - DEBUG - Directory ensured: videostore\videos
2026-02-18 21:03:59 - FileUtils - DEBUG - Directory ensured: videostore\thumbnails
2026-02-18 21:03:59 - FileUtils - DEBUG - Directory ensured: videostore\temp
2026-02-18 21:03:59 - FileUtils - DEBUG - Directory ensured: videostore\database
2026-02-18 21:03:59 - FileUtils - DEBUG - Directory ensured: videostore\metadata_backup
2026-02-18 21:03:59 - StorageService - DEBUG - All storage directories verified
2026-02-18 21:03:59 - StorageService - DEBUG - Storage status: 129.78 GB free of 487.11 GB (73.4% used)
2026-02-18 21:03:59 - Main - INFO - Storage OK - 129.8 GB free of 487.1 GB
2026-02-18 21:03:59 - Main - INFO - Cleaning temporary files...
2026-02-18 21:03:59 - StorageService - INFO - Cleaned temp directory: 0 files removed
2026-02-18 21:03:59 - Main - INFO - Cleaned 0 temporary files
2026-02-18 21:03:59 - Main - INFO - System initialization complete
2026-02-18 21:03:59 - Main - INFO - ============================================================
2026-02-18 21:03:59 - Main - INFO - Showing splash screen...
2026-02-18 21:04:02 - Main - INFO - First launch - showing disclaimer...
2026-02-18 21:04:05 - Main - WARNING - Disclaimer rejected - exiting
